"polygons" in: met_min_ca_density.lydrc:35
    Polygons (raw): 9720 (flat)  9445 (hierarchical)
    Elapsed: 0.030s  Memory: 550.00M
"polygons" in: met_min_ca_density.lydrc:36
    Polygons (raw): 294105 (flat)  149438 (hierarchical)
    Elapsed: 0.320s  Memory: 555.00M
"polygons" in: met_min_ca_density.lydrc:38
    Polygons (raw): 13967 (flat)  13872 (hierarchical)
    Elapsed: 0.040s  Memory: 555.00M
"polygons" in: met_min_ca_density.lydrc:39
    Polygons (raw): 161232 (flat)  161232 (hierarchical)
    Elapsed: 0.350s  Memory: 562.00M
"polygons" in: met_min_ca_density.lydrc:41
    Polygons (raw): 3043 (flat)  3043 (hierarchical)
    Elapsed: 0.010s  Memory: 562.00M
"polygons" in: met_min_ca_density.lydrc:42
    Polygons (raw): 93513 (flat)  93513 (hierarchical)
    Elapsed: 0.170s  Memory: 564.00M
"polygons" in: met_min_ca_density.lydrc:44
    Polygons (raw): 874 (flat)  874 (hierarchical)
    Elapsed: 0.020s  Memory: 564.00M
"polygons" in: met_min_ca_density.lydrc:45
    Polygons (raw): 328577 (flat)  328577 (hierarchical)
    Elapsed: 0.600s  Memory: 578.00M
"polygons" in: met_min_ca_density.lydrc:47
    Polygons (raw): 176 (flat)  176 (hierarchical)
    Elapsed: 0.010s  Memory: 578.00M
"polygons" in: met_min_ca_density.lydrc:48
    Polygons (raw): 0 (flat)  0 (hierarchical)
    Elapsed: 0.010s  Memory: 578.00M
"polygons" in: met_min_ca_density.lydrc:49
    Polygons (raw): 2561 (flat)  2561 (hierarchical)
    Elapsed: 0.020s  Memory: 578.00M
"polygons" in: met_min_ca_density.lydrc:51
    Polygons (raw): 120 (flat)  120 (hierarchical)
    Elapsed: 0.010s  Memory: 578.00M
"input" in: met_min_ca_density.lydrc:53
    Polygons (raw): 29 (flat)  6 (hierarchical)
    Elapsed: 0.010s  Memory: 578.00M
"area" in: met_min_ca_density.lydrc:55
    Elapsed: 0.010s  Memory: 578.00M
"polygons" in: met_min_ca_density.lydrc:59
    Polygons (raw): 9720 (flat)  9445 (hierarchical)
    Elapsed: 0.030s  Memory: 578.00M
"area" in: met_min_ca_density.lydrc:59
    Elapsed: 0.170s  Memory: 578.00M
li1_ca_density is 0.9853642977554873
"polygons" in: met_min_ca_density.lydrc:69
    Polygons (raw): 13967 (flat)  13872 (hierarchical)
    Elapsed: 0.040s  Memory: 578.00M
"area" in: met_min_ca_density.lydrc:69
    Elapsed: 0.160s  Memory: 578.00M
m1_ca_density is 0.9886958663532261
"polygons" in: met_min_ca_density.lydrc:79
    Polygons (raw): 3043 (flat)  3043 (hierarchical)
    Elapsed: 0.020s  Memory: 578.00M
"area" in: met_min_ca_density.lydrc:79
    Elapsed: 0.040s  Memory: 578.00M
m2_ca_density is 0.9954275363456374
"polygons" in: met_min_ca_density.lydrc:89
    Polygons (raw): 874 (flat)  874 (hierarchical)
    Elapsed: 0.010s  Memory: 578.00M
"area" in: met_min_ca_density.lydrc:89
    Elapsed: 0.020s  Memory: 578.00M
m3_ca_density is 0.9344754300742334
"polygons" in: met_min_ca_density.lydrc:99
    Polygons (raw): 176 (flat)  176 (hierarchical)
    Elapsed: 0.020s  Memory: 578.00M
"area" in: met_min_ca_density.lydrc:99
    Elapsed: 0.010s  Memory: 578.00M
m4_ca_density is 0.9393777955494046
"polygons" in: met_min_ca_density.lydrc:109
    Polygons (raw): 120 (flat)  120 (hierarchical)
    Elapsed: 0.010s  Memory: 578.00M
"area" in: met_min_ca_density.lydrc:109
    Elapsed: 0.020s  Memory: 578.00M
m5_ca_density is 0.9990761731738402
Writing report database: /home/shahid/Desktop/sky130B_TEST/Magic_Top_Level/digital_check_test_klayout/caravel_user_project_analog_4_lna_bgr/precheck_results/09_NOV_2022___07_27_10/outputs/reports/klayout_met_min_ca_density_check.xml ..
Total elapsed: 3.370s  Memory: 570.00M
