2022-11-09 07:27:10 - [INFO] - {{EXTRACTING FILES}} Extracting compressed files in: /home/shahid/Desktop/sky130B_TEST/Magic_Top_Level/digital_check_test_klayout/caravel_user_project_analog_4_lna_bgr
2022-11-09 07:27:10 - [INFO] - {{Project Type Info}} analog
2022-11-09 07:27:10 - [INFO] - {{Project GDS Info}} user_analog_project_wrapper: b26900331ff6681be2e66c3e176a231806252076
2022-11-09 07:27:10 - [INFO] - {{Tools Info}} KLayout: v0.27.10 | Magic: v8.3.315
2022-11-09 07:27:10 - [INFO] - {{PDKs Info}} PDK: sky130B | Open PDKs: 27ecf1c16911f7dd4428ffab96f62c1fb876ea70 | Skywater PDK: c094b6e83a4f9298e47f696ec5a7fd53535ec5eb
2022-11-09 07:27:10 - [INFO] - {{START}} Precheck Started, the full log 'precheck.log' will be located in '/home/shahid/Desktop/sky130B_TEST/Magic_Top_Level/digital_check_test_klayout/caravel_user_project_analog_4_lna_bgr/precheck_results/09_NOV_2022___07_27_10/logs'
2022-11-09 07:27:10 - [INFO] - {{PRECHECK SEQUENCE}} Precheck will run the following checks: [License, Makefile, Default, Documentation, Consistency, XOR, Magic DRC, Klayout FEOL, Klayout BEOL, Klayout Offgrid, Klayout Metal Minimum Clear Area Density, Klayout Pin Label Purposes Overlapping Drawing, Klayout ZeroArea]
2022-11-09 07:27:10 - [INFO] - {{STEP UPDATE}} Executing Check 1 of 13: License
2022-11-09 07:27:16 - [INFO] - An approved LICENSE (Apache-2.0) was found in /home/shahid/Desktop/sky130B_TEST/Magic_Top_Level/digital_check_test_klayout/caravel_user_project_analog_4_lna_bgr.
2022-11-09 07:27:16 - [INFO] - {{MAIN LICENSE CHECK PASSED}} An approved LICENSE was found in project root.
2022-11-09 07:27:21 - [INFO] - An approved LICENSE (Apache-2.0) was found in /home/shahid/Desktop/sky130B_TEST/Magic_Top_Level/digital_check_test_klayout/caravel_user_project_analog_4_lna_bgr.
2022-11-09 07:27:26 - [INFO] - An approved LICENSE (Apache-2.0) was found in /home/shahid/Desktop/sky130B_TEST/Magic_Top_Level/digital_check_test_klayout/caravel_user_project_analog_4_lna_bgr.
2022-11-09 07:27:32 - [INFO] - An approved LICENSE (Apache-2.0) was found in /home/shahid/Desktop/sky130B_TEST/Magic_Top_Level/digital_check_test_klayout/caravel_user_project_analog_4_lna_bgr.
2022-11-09 07:27:32 - [INFO] - {{SUBMODULES LICENSE CHECK PASSED}} No prohibited LICENSE file(s) was found in project submodules
2022-11-09 07:27:32 - [INFO] - {{SPDX COMPLIANCE CHECK PASSED}} Project is compliant with the SPDX Standard
2022-11-09 07:27:32 - [INFO] - {{STEP UPDATE}} Executing Check 2 of 13: Makefile
2022-11-09 07:27:32 - [INFO] - {{MAKEFILE CHECK PASSED}} Makefile valid.
2022-11-09 07:27:32 - [INFO] - {{STEP UPDATE}} Executing Check 3 of 13: Default
2022-11-09 07:27:32 - [INFO] - {{README DEFAULT CHECK PASSED}} Project 'README.md' was modified and is not identical to the default 'README.md'
2022-11-09 07:27:33 - [INFO] - {{CONTENT DEFAULT CHECK PASSED}} Project 'gds' was modified and is not identical to the default 'gds'
2022-11-09 07:27:33 - [INFO] - {{STEP UPDATE}} Executing Check 4 of 13: Documentation
2022-11-09 07:27:33 - [WARNING] - The documentation file (/home/shahid/Desktop/sky130B_TEST/Magic_Top_Level/digital_check_test_klayout/caravel_user_project_analog_4_lna_bgr/precheck/debug_precheck.md) contains the non-inclusive word: blacklist
2022-11-09 07:27:33 - [WARNING] - {{DOCUMENTATION CHECK FAILED}} Project documentation is not appropriate.
2022-11-09 07:27:33 - [INFO] - {{STEP UPDATE}} Executing Check 5 of 13: Consistency
2022-11-09 07:27:44 - [INFO] - HIERARCHY CHECK PASSED: Module user_analog_project_wrapper is instantiated in caravan. 
2022-11-09 07:27:44 - [INFO] - COMPLEXITY CHECK PASSED: Netlist caravan contains at least 8 instances (68 instances). 
2022-11-09 07:27:44 - [INFO] - MODELING CHECK PASSED: Netlist caravan is structural.
2022-11-09 07:27:44 - [INFO] - SUBMODULE HOOKS CHECK PASSED: All module ports for user_analog_project_wrapper are correctly connected in the top level netlist caravan.
2022-11-09 07:27:44 - [INFO] - {{NETLIST CONSISTENCY CHECK PASSED}} caravan netlist passed all consistency checks.
2022-11-09 07:27:44 - [INFO] - PORTS CHECK PASSED: Netlist user_analog_project_wrapper ports match the golden wrapper ports
2022-11-09 07:27:44 - [INFO] - COMPLEXITY CHECK PASSED: Netlist user_analog_project_wrapper contains at least 1 instances (11 instances). 
2022-11-09 07:27:44 - [INFO] - MODELING CHECK PASSED: Netlist user_analog_project_wrapper is structural.
2022-11-09 07:27:44 - [INFO] - LAYOUT CHECK PASSED: The GDS layout for user_analog_project_wrapper matches the provided structural netlist.
2022-11-09 07:27:44 - [INFO] - {{NETLIST CONSISTENCY CHECK PASSED}} user_analog_project_wrapper netlist passed all consistency checks.
2022-11-09 07:27:44 - [INFO] - {{CONSISTENCY CHECK PASSED}} The user netlist and the top netlist are valid.
2022-11-09 07:27:44 - [INFO] - {{STEP UPDATE}} Executing Check 6 of 13: XOR
2022-11-09 07:28:14 - [INFO] - {{XOR CHECK UPDATE}} Total XOR differences: 0, for more details view /home/shahid/Desktop/sky130B_TEST/Magic_Top_Level/digital_check_test_klayout/caravel_user_project_analog_4_lna_bgr/precheck_results/09_NOV_2022___07_27_10/outputs/user_analog_project_wrapper.xor.gds
2022-11-09 07:28:14 - [INFO] - {{XOR CHECK PASSED}} The GDS file has no XOR violations.
2022-11-09 07:28:14 - [INFO] - {{STEP UPDATE}} Executing Check 7 of 13: Magic DRC
2022-11-09 07:28:16 - [INFO] - 0 DRC violations
2022-11-09 07:28:16 - [INFO] - {{MAGIC DRC CHECK PASSED}} The GDS file, user_analog_project_wrapper.gds, has no DRC violations.
2022-11-09 07:28:16 - [INFO] - {{STEP UPDATE}} Executing Check 8 of 13: Klayout FEOL
2022-11-09 07:28:43 - [INFO] - No DRC Violations found
2022-11-09 07:28:43 - [INFO] - {{Klayout FEOL CHECK PASSED}} The GDS file, user_analog_project_wrapper.gds, has no DRC violations.
2022-11-09 07:28:43 - [INFO] - {{STEP UPDATE}} Executing Check 9 of 13: Klayout BEOL
2022-11-09 07:32:13 - [INFO] - No DRC Violations found
2022-11-09 07:32:13 - [INFO] - {{Klayout BEOL CHECK PASSED}} The GDS file, user_analog_project_wrapper.gds, has no DRC violations.
2022-11-09 07:32:13 - [INFO] - {{STEP UPDATE}} Executing Check 10 of 13: Klayout Offgrid
2022-11-09 07:32:44 - [INFO] - No DRC Violations found
2022-11-09 07:32:44 - [INFO] - {{Klayout Offgrid CHECK PASSED}} The GDS file, user_analog_project_wrapper.gds, has no DRC violations.
2022-11-09 07:32:44 - [INFO] - {{STEP UPDATE}} Executing Check 11 of 13: Klayout Metal Minimum Clear Area Density
2022-11-09 07:32:50 - [INFO] - No DRC Violations found
2022-11-09 07:32:50 - [INFO] - {{Klayout Metal Minimum Clear Area Density CHECK PASSED}} The GDS file, user_analog_project_wrapper.gds, has no DRC violations.
2022-11-09 07:32:50 - [INFO] - {{STEP UPDATE}} Executing Check 12 of 13: Klayout Pin Label Purposes Overlapping Drawing
2022-11-09 07:32:58 - [INFO] - No DRC Violations found
2022-11-09 07:32:58 - [INFO] - {{Klayout Pin Label Purposes Overlapping Drawing CHECK PASSED}} The GDS file, user_analog_project_wrapper.gds, has no DRC violations.
2022-11-09 07:32:58 - [INFO] - {{STEP UPDATE}} Executing Check 13 of 13: Klayout ZeroArea
2022-11-09 07:33:11 - [INFO] - No DRC Violations found
2022-11-09 07:33:11 - [INFO] - {{Klayout ZeroArea CHECK PASSED}} The GDS file, user_analog_project_wrapper.gds, has no DRC violations.
2022-11-09 07:33:11 - [INFO] - {{FINISH}} Executing Finished, the full log 'precheck.log' can be found in '/home/shahid/Desktop/sky130B_TEST/Magic_Top_Level/digital_check_test_klayout/caravel_user_project_analog_4_lna_bgr/precheck_results/09_NOV_2022___07_27_10/logs'
2022-11-09 07:33:11 - [CRITICAL] - {{FAILURE}} 1 Check(s) Failed: ['Documentation'] !!!
