/home/shahid/Desktop/sky130B_TEST/Magic_Top_Level/digital_check_test_klayout/caravel_user_project_analog_4_lna_bgr/precheck/checks/tech-files/sky130A_mr.drc:50: warning: already initialized constant DRC::DRCEngine::FEOL
/home/shahid/Desktop/sky130B_TEST/Magic_Top_Level/digital_check_test_klayout/caravel_user_project_analog_4_lna_bgr/precheck/checks/tech-files/sky130A_mr.drc:40: warning: previous definition of FEOL was here
/home/shahid/Desktop/sky130B_TEST/Magic_Top_Level/digital_check_test_klayout/caravel_user_project_analog_4_lna_bgr/precheck/checks/tech-files/sky130A_mr.drc:54: warning: already initialized constant DRC::DRCEngine::BEOL
/home/shahid/Desktop/sky130B_TEST/Magic_Top_Level/digital_check_test_klayout/caravel_user_project_analog_4_lna_bgr/precheck/checks/tech-files/sky130A_mr.drc:41: warning: previous definition of BEOL was here
/home/shahid/Desktop/sky130B_TEST/Magic_Top_Level/digital_check_test_klayout/caravel_user_project_analog_4_lna_bgr/precheck/checks/tech-files/sky130A_mr.drc:62: warning: already initialized constant DRC::DRCEngine::OFFGRID
/home/shahid/Desktop/sky130B_TEST/Magic_Top_Level/digital_check_test_klayout/caravel_user_project_analog_4_lna_bgr/precheck/checks/tech-files/sky130A_mr.drc:42: warning: previous definition of OFFGRID was here
/home/shahid/Desktop/sky130B_TEST/Magic_Top_Level/digital_check_test_klayout/caravel_user_project_analog_4_lna_bgr/precheck/checks/tech-files/sky130A_mr.drc:68: warning: already initialized constant DRC::DRCEngine::SEAL
/home/shahid/Desktop/sky130B_TEST/Magic_Top_Level/digital_check_test_klayout/caravel_user_project_analog_4_lna_bgr/precheck/checks/tech-files/sky130A_mr.drc:43: warning: previous definition of SEAL was here
/home/shahid/Desktop/sky130B_TEST/Magic_Top_Level/digital_check_test_klayout/caravel_user_project_analog_4_lna_bgr/precheck/checks/tech-files/sky130A_mr.drc:74: warning: already initialized constant DRC::DRCEngine::FLOATING_MET
/home/shahid/Desktop/sky130B_TEST/Magic_Top_Level/digital_check_test_klayout/caravel_user_project_analog_4_lna_bgr/precheck/checks/tech-files/sky130A_mr.drc:44: warning: previous definition of FLOATING_MET was here
"input" in: sky130A_mr.drc:124
    Polygons (raw): 111 (flat)  92 (hierarchical)
    Elapsed: 0.010s  Memory: 550.00M
"polygons" in: sky130A_mr.drc:125
    Polygons (raw): 684 (flat)  516 (hierarchical)
    Elapsed: 0.020s  Memory: 550.00M
"polygons" in: sky130A_mr.drc:126
    Polygons (raw): 68 (flat)  49 (hierarchical)
    Elapsed: 0.020s  Memory: 550.00M
"polygons" in: sky130A_mr.drc:127
    Polygons (raw): 0 (flat)  0 (hierarchical)
    Elapsed: 0.020s  Memory: 550.00M
"polygons" in: sky130A_mr.drc:128
    Polygons (raw): 0 (flat)  0 (hierarchical)
    Elapsed: 0.010s  Memory: 550.00M
"polygons" in: sky130A_mr.drc:129
    Polygons (raw): 0 (flat)  0 (hierarchical)
    Elapsed: 0.010s  Memory: 550.00M
"polygons" in: sky130A_mr.drc:130
    Polygons (raw): 0 (flat)  0 (hierarchical)
    Elapsed: 0.010s  Memory: 550.00M
"polygons" in: sky130A_mr.drc:131
    Polygons (raw): 0 (flat)  0 (hierarchical)
    Elapsed: 0.010s  Memory: 550.00M
"polygons" in: sky130A_mr.drc:132
    Polygons (raw): 0 (flat)  0 (hierarchical)
    Elapsed: 0.020s  Memory: 550.00M
"polygons" in: sky130A_mr.drc:133
    Polygons (raw): 0 (flat)  0 (hierarchical)
    Elapsed: 0.010s  Memory: 550.00M
"polygons" in: sky130A_mr.drc:134
    Polygons (raw): 110 (flat)  110 (hierarchical)
    Elapsed: 0.020s  Memory: 550.00M
"polygons" in: sky130A_mr.drc:135
    Polygons (raw): 0 (flat)  0 (hierarchical)
    Elapsed: 0.010s  Memory: 550.00M
"polygons" in: sky130A_mr.drc:136
    Polygons (raw): 9 (flat)  9 (hierarchical)
    Elapsed: 0.010s  Memory: 550.00M
"polygons" in: sky130A_mr.drc:137
    Polygons (raw): 642 (flat)  638 (hierarchical)
    Elapsed: 0.020s  Memory: 550.00M
"polygons" in: sky130A_mr.drc:138
    Polygons (raw): 28 (flat)  28 (hierarchical)
    Elapsed: 0.010s  Memory: 550.00M
"polygons" in: sky130A_mr.drc:139
    Polygons (raw): 315 (flat)  239 (hierarchical)
    Elapsed: 0.010s  Memory: 550.00M
"polygons" in: sky130A_mr.drc:140
    Polygons (raw): 471 (flat)  372 (hierarchical)
    Elapsed: 0.020s  Memory: 550.00M
"polygons" in: sky130A_mr.drc:141
    Polygons (raw): 28 (flat)  28 (hierarchical)
    Elapsed: 0.010s  Memory: 550.00M
"polygons" in: sky130A_mr.drc:142
    Polygons (raw): 5 (flat)  1 (hierarchical)
    Elapsed: 0.010s  Memory: 550.00M
"polygons" in: sky130A_mr.drc:143
    Polygons (raw): 783 (flat)  779 (hierarchical)
    Elapsed: 0.010s  Memory: 550.00M
"polygons" in: sky130A_mr.drc:144
    Polygons (raw): 225146 (flat)  63306 (hierarchical)
    Elapsed: 0.140s  Memory: 551.00M
"polygons" in: sky130A_mr.drc:146
    Polygons (raw): 2592 (flat)  2317 (hierarchical)
    Elapsed: 0.020s  Memory: 551.00M
"polygons" in: sky130A_mr.drc:147
    Polygons (raw): 265333 (flat)  120666 (hierarchical)
    Elapsed: 0.250s  Memory: 555.00M
"polygons" in: sky130A_mr.drc:149
    Polygons (raw): 2878 (flat)  2783 (hierarchical)
    Elapsed: 0.020s  Memory: 555.00M
"polygons" in: sky130A_mr.drc:150
    Polygons (raw): 160588 (flat)  160588 (hierarchical)
    Elapsed: 0.300s  Memory: 563.00M
"polygons" in: sky130A_mr.drc:152
    Polygons (raw): 1051 (flat)  1051 (hierarchical)
    Elapsed: 0.010s  Memory: 563.00M
"polygons" in: sky130A_mr.drc:153
    Polygons (raw): 93877 (flat)  93877 (hierarchical)
    Elapsed: 0.150s  Memory: 565.00M
"polygons" in: sky130A_mr.drc:155
    Polygons (raw): 478 (flat)  478 (hierarchical)
    Elapsed: 0.010s  Memory: 565.00M
"polygons" in: sky130A_mr.drc:156
    Polygons (raw): 331658 (flat)  331658 (hierarchical)
    Elapsed: 0.620s  Memory: 579.00M
"polygons" in: sky130A_mr.drc:158
    Polygons (raw): 80 (flat)  80 (hierarchical)
    Elapsed: 0.020s  Memory: 579.00M
"polygons" in: sky130A_mr.drc:159
    Polygons (raw): 1377 (flat)  1377 (hierarchical)
    Elapsed: 0.020s  Memory: 579.00M
"polygons" in: sky130A_mr.drc:161
    Polygons (raw): 22 (flat)  22 (hierarchical)
    Elapsed: 0.010s  Memory: 579.00M
"polygons" in: sky130A_mr.drc:163
    Polygons (raw): 0 (flat)  0 (hierarchical)
    Elapsed: 0.010s  Memory: 579.00M
"polygons" in: sky130A_mr.drc:164
    Polygons (raw): 0 (flat)  0 (hierarchical)
    Elapsed: 0.010s  Memory: 579.00M
"polygons" in: sky130A_mr.drc:165
    Polygons (raw): 4 (flat)  4 (hierarchical)
    Elapsed: 0.010s  Memory: 579.00M
"polygons" in: sky130A_mr.drc:166
    Polygons (raw): 4 (flat)  4 (hierarchical)
    Elapsed: 0.010s  Memory: 579.00M
"polygons" in: sky130A_mr.drc:167
    Polygons (raw): 0 (flat)  0 (hierarchical)
    Elapsed: 0.010s  Memory: 579.00M
"polygons" in: sky130A_mr.drc:168
    Polygons (raw): 0 (flat)  0 (hierarchical)
    Elapsed: 0.010s  Memory: 579.00M
"polygons" in: sky130A_mr.drc:169
    Polygons (raw): 0 (flat)  0 (hierarchical)
    Elapsed: 0.010s  Memory: 579.00M
"polygons" in: sky130A_mr.drc:170
    Polygons (raw): 0 (flat)  0 (hierarchical)
    Elapsed: 0.020s  Memory: 579.00M
"polygons" in: sky130A_mr.drc:171
    Polygons (raw): 0 (flat)  0 (hierarchical)
    Elapsed: 0.010s  Memory: 579.00M
"polygons" in: sky130A_mr.drc:172
    Polygons (raw): 16 (flat)  16 (hierarchical)
    Elapsed: 0.010s  Memory: 579.00M
"polygons" in: sky130A_mr.drc:173
    Polygons (raw): 0 (flat)  0 (hierarchical)
    Elapsed: 0.010s  Memory: 579.00M
"polygons" in: sky130A_mr.drc:174
    Polygons (raw): 0 (flat)  0 (hierarchical)
    Elapsed: 0.020s  Memory: 579.00M
"polygons" in: sky130A_mr.drc:175
    Polygons (raw): 0 (flat)  0 (hierarchical)
    Elapsed: 0.020s  Memory: 579.00M
"polygons" in: sky130A_mr.drc:176
    Polygons (raw): 0 (flat)  0 (hierarchical)
    Elapsed: 0.020s  Memory: 579.00M
"polygons" in: sky130A_mr.drc:177
    Polygons (raw): 0 (flat)  0 (hierarchical)
    Elapsed: 0.020s  Memory: 579.00M
"polygons" in: sky130A_mr.drc:178
    Polygons (raw): 0 (flat)  0 (hierarchical)
    Elapsed: 0.010s  Memory: 579.00M
"polygons" in: sky130A_mr.drc:179
    Polygons (raw): 0 (flat)  0 (hierarchical)
    Elapsed: 0.020s  Memory: 579.00M
"polygons" in: sky130A_mr.drc:180
    Polygons (raw): 0 (flat)  0 (hierarchical)
    Elapsed: 0.020s  Memory: 579.00M
"polygons" in: sky130A_mr.drc:181
    Polygons (raw): 0 (flat)  0 (hierarchical)
    Elapsed: 0.020s  Memory: 579.00M
"polygons" in: sky130A_mr.drc:182
    Polygons (raw): 0 (flat)  0 (hierarchical)
    Elapsed: 0.010s  Memory: 579.00M
"polygons" in: sky130A_mr.drc:183
    Polygons (raw): 0 (flat)  0 (hierarchical)
    Elapsed: 0.010s  Memory: 579.00M
"polygons" in: sky130A_mr.drc:184
    Polygons (raw): 0 (flat)  0 (hierarchical)
    Elapsed: 0.010s  Memory: 579.00M
"polygons" in: sky130A_mr.drc:185
    Polygons (raw): 0 (flat)  0 (hierarchical)
    Elapsed: 0.010s  Memory: 579.00M
"polygons" in: sky130A_mr.drc:186
    Polygons (raw): 0 (flat)  0 (hierarchical)
    Elapsed: 0.010s  Memory: 579.00M
"polygons" in: sky130A_mr.drc:187
    Polygons (raw): 0 (flat)  0 (hierarchical)
    Elapsed: 0.020s  Memory: 579.00M
"polygons" in: sky130A_mr.drc:188
    Polygons (raw): 1 (flat)  1 (hierarchical)
    Elapsed: 0.010s  Memory: 579.00M
"polygons" in: sky130A_mr.drc:189
    Polygons (raw): 0 (flat)  0 (hierarchical)
    Elapsed: 0.010s  Memory: 579.00M
"polygons" in: sky130A_mr.drc:190
    Polygons (raw): 0 (flat)  0 (hierarchical)
    Elapsed: 0.010s  Memory: 579.00M
"polygons" in: sky130A_mr.drc:191
    Polygons (raw): 0 (flat)  0 (hierarchical)
    Elapsed: 0.010s  Memory: 579.00M
"polygons" in: sky130A_mr.drc:192
    Polygons (raw): 0 (flat)  0 (hierarchical)
    Elapsed: 0.020s  Memory: 579.00M
"polygons" in: sky130A_mr.drc:193
    Polygons (raw): 24 (flat)  5 (hierarchical)
    Elapsed: 0.010s  Memory: 579.00M
"polygons" in: sky130A_mr.drc:194
    Polygons (raw): 0 (flat)  0 (hierarchical)
    Elapsed: 0.010s  Memory: 579.00M
"polygons" in: sky130A_mr.drc:195
    Polygons (raw): 0 (flat)  0 (hierarchical)
    Elapsed: 0.010s  Memory: 579.00M
"polygons" in: sky130A_mr.drc:196
    Polygons (raw): 0 (flat)  0 (hierarchical)
    Elapsed: 0.020s  Memory: 579.00M
"polygons" in: sky130A_mr.drc:197
    Polygons (raw): 0 (flat)  0 (hierarchical)
    Elapsed: 0.010s  Memory: 579.00M
"polygons" in: sky130A_mr.drc:198
    Polygons (raw): 0 (flat)  0 (hierarchical)
    Elapsed: 0.010s  Memory: 579.00M
"polygons" in: sky130A_mr.drc:199
    Polygons (raw): 0 (flat)  0 (hierarchical)
    Elapsed: 0.010s  Memory: 579.00M
"polygons" in: sky130A_mr.drc:200
    Polygons (raw): 0 (flat)  0 (hierarchical)
    Elapsed: 0.010s  Memory: 579.00M
"polygons" in: sky130A_mr.drc:201
    Polygons (raw): 0 (flat)  0 (hierarchical)
    Elapsed: 0.020s  Memory: 579.00M
"polygons" in: sky130A_mr.drc:202
    Polygons (raw): 0 (flat)  0 (hierarchical)
    Elapsed: 0.010s  Memory: 579.00M
"polygons" in: sky130A_mr.drc:203
    Polygons (raw): 0 (flat)  0 (hierarchical)
    Elapsed: 0.010s  Memory: 579.00M
"polygons" in: sky130A_mr.drc:204
    Polygons (raw): 0 (flat)  0 (hierarchical)
    Elapsed: 0.020s  Memory: 579.00M
"polygons" in: sky130A_mr.drc:205
    Polygons (raw): 0 (flat)  0 (hierarchical)
    Elapsed: 0.020s  Memory: 579.00M
"polygons" in: sky130A_mr.drc:206
    Polygons (raw): 0 (flat)  0 (hierarchical)
    Elapsed: 0.010s  Memory: 579.00M
"polygons" in: sky130A_mr.drc:207
    Polygons (raw): 0 (flat)  0 (hierarchical)
    Elapsed: 0.010s  Memory: 579.00M
"polygons" in: sky130A_mr.drc:208
    Polygons (raw): 0 (flat)  0 (hierarchical)
    Elapsed: 0.010s  Memory: 579.00M
"polygons" in: sky130A_mr.drc:209
    Polygons (raw): 0 (flat)  0 (hierarchical)
    Elapsed: 0.020s  Memory: 579.00M
"polygons" in: sky130A_mr.drc:210
    Polygons (raw): 0 (flat)  0 (hierarchical)
    Elapsed: 0.010s  Memory: 579.00M
"polygons" in: sky130A_mr.drc:211
    Polygons (raw): 77 (flat)  73 (hierarchical)
    Elapsed: 0.020s  Memory: 579.00M
"polygons" in: sky130A_mr.drc:212
    Polygons (raw): 0 (flat)  0 (hierarchical)
    Elapsed: 0.010s  Memory: 579.00M
"polygons" in: sky130A_mr.drc:213
    Polygons (raw): 0 (flat)  0 (hierarchical)
    Elapsed: 0.020s  Memory: 579.00M
"polygons" in: sky130A_mr.drc:214
    Polygons (raw): 0 (flat)  0 (hierarchical)
    Elapsed: 0.010s  Memory: 579.00M
"polygons" in: sky130A_mr.drc:215
    Polygons (raw): 0 (flat)  0 (hierarchical)
    Elapsed: 0.020s  Memory: 579.00M
DRC section
BEOL section
START: 67/20 (li)
"interacting" in: sky130A_mr.drc:397
    Polygons (raw): 0 (flat)  0 (hierarchical)
    Elapsed: 0.070s  Memory: 1123.00M
"not" in: sky130A_mr.drc:397
    Polygons (raw): 2592 (flat)  2317 (hierarchical)
    Elapsed: 0.010s  Memory: 1123.00M
"width" in: sky130A_mr.drc:398
    Edge pairs: 0 (flat)  0 (hierarchical)
    Elapsed: 0.030s  Memory: 1123.00M
"output" in: sky130A_mr.drc:398
    Edge pairs: 0 (flat)  0 (hierarchical)
    Elapsed: 0.010s  Memory: 1123.00M
"edges" in: sky130A_mr.drc:400
    Edges: 9790 (flat)  8725 (hierarchical)
    Elapsed: 0.080s  Memory: 1123.00M
"space" in: sky130A_mr.drc:400
    Edge pairs: 0 (flat)  0 (hierarchical)
    Elapsed: 0.120s  Memory: 1123.00M
"output" in: sky130A_mr.drc:400
    Edge pairs: 0 (flat)  0 (hierarchical)
    Elapsed: 0.010s  Memory: 1123.00M
"not" in: sky130A_mr.drc:401
    Polygons (raw): 225146 (flat)  63306 (hierarchical)
    Elapsed: 0.010s  Memory: 1123.00M
"enclosing" in: sky130A_mr.drc:402
    Edge pairs: 78599 (flat)  53339 (hierarchical)
    Elapsed: 12.700s  Memory: 1123.00M
"second_edges" in: sky130A_mr.drc:402
    Edges: 78599 (flat)  53339 (hierarchical)
    Elapsed: 0.020s  Memory: 1123.00M
"width" in: sky130A_mr.drc:403
    Edge pairs: 0 (flat)  0 (hierarchical)
    Elapsed: 0.410s  Memory: 1151.00M
"polygons" in: sky130A_mr.drc:404
    Polygons (raw): 0 (flat)  0 (hierarchical)
    Elapsed: 0.020s  Memory: 1151.00M
"interacting" in: sky130A_mr.drc:404
    Polygons (raw): 0 (flat)  0 (hierarchical)
    Elapsed: 1.460s  Memory: 1151.00M
"output" in: sky130A_mr.drc:405
    Polygons (raw): 0 (flat)  0 (hierarchical)
    Elapsed: 0.020s  Memory: 1151.00M
"with_area" in: sky130A_mr.drc:406
    Polygons (raw): 0 (flat)  0 (hierarchical)
    Elapsed: 0.020s  Memory: 1151.00M
"output" in: sky130A_mr.drc:406
    Polygons (raw): 0 (flat)  0 (hierarchical)
    Elapsed: 0.010s  Memory: 1151.00M
END: 67/20 (li)
START: 67/44 (mcon)
"not" in: sky130A_mr.drc:411
    Polygons (raw): 265333 (flat)  120666 (hierarchical)
    Elapsed: 0.020s  Memory: 1151.00M
"not" in: sky130A_mr.drc:418
    Polygons (raw): 265333 (flat)  120666 (hierarchical)
    Elapsed: 0.020s  Memory: 1151.00M
"non_rectangles" in: sky130A_mr.drc:419
    Polygons (raw): 0 (flat)  0 (hierarchical)
    Elapsed: 2.350s  Memory: 1168.00M
"output" in: sky130A_mr.drc:419
    Polygons (raw): 0 (flat)  0 (hierarchical)
    Elapsed: 0.010s  Memory: 1168.00M
"drc" in: sky130A_mr.drc:421
    Edge pairs: 0 (flat)  0 (hierarchical)
    Elapsed: 3.900s  Memory: 1191.00M
"output" in: sky130A_mr.drc:421
    Edge pairs: 0 (flat)  0 (hierarchical)
    Elapsed: 0.010s  Memory: 1191.00M
"drc" in: sky130A_mr.drc:422
    Edges: 0 (flat)  0 (hierarchical)
    Elapsed: 1.250s  Memory: 1191.00M
"output" in: sky130A_mr.drc:422
    Edges: 0 (flat)  0 (hierarchical)
    Elapsed: 0.010s  Memory: 1191.00M
"space" in: sky130A_mr.drc:423
    Edge pairs: 0 (flat)  0 (hierarchical)
    Elapsed: 1.090s  Memory: 1191.00M
"output" in: sky130A_mr.drc:423
    Edge pairs: 0 (flat)  0 (hierarchical)
    Elapsed: 0.010s  Memory: 1191.00M
"not" in: sky130A_mr.drc:429
    Polygons (raw): 0 (flat)  0 (hierarchical)
    Elapsed: 0.900s  Memory: 1191.00M
"output" in: sky130A_mr.drc:429
    Polygons (raw): 0 (flat)  0 (hierarchical)
    Elapsed: 0.010s  Memory: 1191.00M
END: 67/44 (mcon)
START: 68/20 (m1)
"width" in: sky130A_mr.drc:434
    Edge pairs: 0 (flat)  0 (hierarchical)
    Elapsed: 0.050s  Memory: 1191.00M
"output" in: sky130A_mr.drc:434
    Edge pairs: 0 (flat)  0 (hierarchical)
    Elapsed: 0.010s  Memory: 1191.00M
"sized" in: sky130A_mr.drc:435
    Polygons (raw): 79 (flat)  59 (hierarchical)
    Elapsed: 0.040s  Memory: 1191.00M
"sized" in: sky130A_mr.drc:435
    Polygons (raw): 79 (flat)  59 (hierarchical)
    Elapsed: 0.020s  Memory: 1191.00M
"snap" in: sky130A_mr.drc:435
    Polygons (raw): 79 (flat)  64 (hierarchical)
    Elapsed: 0.010s  Memory: 1191.00M
"&" in: sky130A_mr.drc:435
    Polygons (raw): 104 (flat)  89 (hierarchical)
    Elapsed: 0.020s  Memory: 1191.00M
"edges" in: sky130A_mr.drc:436
    Edges: 10651 (flat)  10435 (hierarchical)
    Elapsed: 0.140s  Memory: 1191.00M
"-" in: sky130A_mr.drc:436
    Edges: 9857 (flat)  9839 (hierarchical)
    Elapsed: 0.040s  Memory: 1191.00M
"edges" in: sky130A_mr.drc:437
    Edges: 686 (flat)  626 (hierarchical)
    Elapsed: 0.020s  Memory: 1191.00M
"merged" in: sky130A_mr.drc:437
    Polygons (raw): 765 (flat)  750 (hierarchical)
    Elapsed: 0.010s  Memory: 1191.00M
"outside_part" in: sky130A_mr.drc:437
    Edges: 687 (flat)  627 (hierarchical)
    Elapsed: 0.030s  Memory: 1191.00M
"space" in: sky130A_mr.drc:439
    Edge pairs: 0 (flat)  0 (hierarchical)
    Elapsed: 0.240s  Memory: 1191.00M
"output" in: sky130A_mr.drc:439
    Edge pairs: 0 (flat)  0 (hierarchical)
    Elapsed: 0.020s  Memory: 1191.00M
"separation" in: sky130A_mr.drc:441
    Edge pairs: 0 (flat)  0 (hierarchical)
    Elapsed: 0.030s  Memory: 1199.00M
"space" in: sky130A_mr.drc:441
    Edge pairs: 0 (flat)  0 (hierarchical)
    Elapsed: 0.020s  Memory: 1191.00M
"+" in: sky130A_mr.drc:441
    Edge pairs: 0 (flat)  0 (hierarchical)
    Elapsed: 0.010s  Memory: 1191.00M
"output" in: sky130A_mr.drc:441
    Edge pairs: 0 (flat)  0 (hierarchical)
    Elapsed: 0.010s  Memory: 1191.00M
"input" in: sky130A_mr.drc:445
    Polygons (raw): 2878 (flat)  2803 (hierarchical)
    Elapsed: 0.020s  Memory: 1191.00M
"enclosing" in: sky130A_mr.drc:447
    Edge pairs: 0 (flat)  0 (hierarchical)
    Elapsed: 5.880s  Memory: 1191.00M
"output" in: sky130A_mr.drc:447
    Edge pairs: 0 (flat)  0 (hierarchical)
    Elapsed: 0.010s  Memory: 1191.00M
"not" in: sky130A_mr.drc:448
    Polygons (raw): 0 (flat)  0 (hierarchical)
    Elapsed: 1.400s  Memory: 1199.00M
"output" in: sky130A_mr.drc:448
    Polygons (raw): 0 (flat)  0 (hierarchical)
    Elapsed: 0.010s  Memory: 1191.00M
"input" in: sky130A_mr.drc:450
    Polygons (raw): 0 (flat)  0 (hierarchical)
    Elapsed: 0.020s  Memory: 1191.00M
"enclosing" in: sky130A_mr.drc:451
    Edge pairs: 0 (flat)  0 (hierarchical)
    Elapsed: 0.020s  Memory: 1191.00M
"output" in: sky130A_mr.drc:451
    Edge pairs: 0 (flat)  0 (hierarchical)
    Elapsed: 0.020s  Memory: 1191.00M
"not" in: sky130A_mr.drc:453
    Polygons (raw): 0 (flat)  0 (hierarchical)
    Elapsed: 0.020s  Memory: 1191.00M
"output" in: sky130A_mr.drc:453
    Polygons (raw): 0 (flat)  0 (hierarchical)
    Elapsed: 0.010s  Memory: 1191.00M
"with_area" in: sky130A_mr.drc:455
    Polygons (raw): 0 (flat)  0 (hierarchical)
    Elapsed: 0.010s  Memory: 1191.00M
"output" in: sky130A_mr.drc:455
    Polygons (raw): 0 (flat)  0 (hierarchical)
    Elapsed: 0.020s  Memory: 1191.00M
"holes" in: sky130A_mr.drc:457
    Polygons (raw): 0 (flat)  0 (hierarchical)
    Elapsed: 0.010s  Memory: 1191.00M
"with_area" in: sky130A_mr.drc:457
    Polygons (raw): 0 (flat)  0 (hierarchical)
    Elapsed: 0.020s  Memory: 1191.00M
"output" in: sky130A_mr.drc:457
    Polygons (raw): 0 (flat)  0 (hierarchical)
    Elapsed: 0.010s  Memory: 1191.00M
"enclosing" in: sky130A_mr.drc:464
    Edge pairs: 25616 (flat)  25616 (hierarchical)
    Elapsed: 6.930s  Memory: 1191.00M
"second_edges" in: sky130A_mr.drc:464
    Edges: 25616 (flat)  25616 (hierarchical)
    Elapsed: 0.020s  Memory: 1191.00M
"width" in: sky130A_mr.drc:465
    Edge pairs: 0 (flat)  0 (hierarchical)
    Elapsed: 0.230s  Memory: 1191.00M
"polygons" in: sky130A_mr.drc:466
    Polygons (raw): 0 (flat)  0 (hierarchical)
    Elapsed: 0.010s  Memory: 1191.00M
"interacting" in: sky130A_mr.drc:466
    Polygons (raw): 0 (flat)  0 (hierarchical)
    Elapsed: 2.900s  Memory: 1201.00M
"output" in: sky130A_mr.drc:467
    Polygons (raw): 0 (flat)  0 (hierarchical)
    Elapsed: 0.020s  Memory: 1201.00M
END: 68/20 (m1)
START: 68/44 (via)
"not" in: sky130A_mr.drc:481
    Polygons (raw): 160588 (flat)  160588 (hierarchical)
    Elapsed: 0.020s  Memory: 1201.00M
"non_rectangles" in: sky130A_mr.drc:483
    Polygons (raw): 0 (flat)  0 (hierarchical)
    Elapsed: 3.890s  Memory: 1218.00M
"output" in: sky130A_mr.drc:483
    Polygons (raw): 0 (flat)  0 (hierarchical)
    Elapsed: 0.010s  Memory: 1218.00M
"width" in: sky130A_mr.drc:484
    Edge pairs: 0 (flat)  0 (hierarchical)
    Elapsed: 0.520s  Memory: 1218.00M
"output" in: sky130A_mr.drc:484
    Edge pairs: 0 (flat)  0 (hierarchical)
    Elapsed: 0.010s  Memory: 1218.00M
"drc" in: sky130A_mr.drc:486
    Edges: 0 (flat)  0 (hierarchical)
    Elapsed: 1.780s  Memory: 1218.00M
"output" in: sky130A_mr.drc:486
    Edges: 0 (flat)  0 (hierarchical)
    Elapsed: 0.010s  Memory: 1218.00M
"space" in: sky130A_mr.drc:488
    Edge pairs: 0 (flat)  0 (hierarchical)
    Elapsed: 5.260s  Memory: 1227.00M
"output" in: sky130A_mr.drc:488
    Edge pairs: 0 (flat)  0 (hierarchical)
    Elapsed: 0.020s  Memory: 1227.00M
"edges" in: sky130A_mr.drc:496
    Edges: 10651 (flat)  10435 (hierarchical)
    Elapsed: 0.140s  Memory: 1227.00M
"drc" in: sky130A_mr.drc:496
    Edges: 642352 (flat)  642352 (hierarchical)
    Elapsed: 8.640s  Memory: 1227.00M
"enclosing" in: sky130A_mr.drc:496
    Edge pairs: 0 (flat)  0 (hierarchical)
    Elapsed: 0.930s  Memory: 1227.00M
"output" in: sky130A_mr.drc:496
    Edge pairs: 0 (flat)  0 (hierarchical)
    Elapsed: 0.010s  Memory: 1227.00M
"squares" in: sky130A_mr.drc:497
    Polygons (raw): 160588 (flat)  160588 (hierarchical)
    Elapsed: 0.370s  Memory: 1227.00M
"drc" in: sky130A_mr.drc:497
    Edges: 642352 (flat)  642352 (hierarchical)
    Elapsed: 9.340s  Memory: 1227.00M
"not" in: sky130A_mr.drc:497
    Edges: 0 (flat)  0 (hierarchical)
    Elapsed: 4.380s  Memory: 1227.00M
"output" in: sky130A_mr.drc:497
    Edges: 0 (flat)  0 (hierarchical)
    Elapsed: 0.010s  Memory: 1227.00M
"edges" in: sky130A_mr.drc:499
    Edges: 10651 (flat)  10435 (hierarchical)
    Elapsed: 0.150s  Memory: 1227.00M
"drc" in: sky130A_mr.drc:499
    Edges: 642352 (flat)  642352 (hierarchical)
    Elapsed: 8.620s  Memory: 1227.00M
"enclosing" in: sky130A_mr.drc:499
    Edge pairs: 95 (flat)  95 (hierarchical)
    Elapsed: 0.840s  Memory: 1227.00M
"second_edges" in: sky130A_mr.drc:499
    Edges: 95 (flat)  95 (hierarchical)
    Elapsed: 0.020s  Memory: 1227.00M
"width" in: sky130A_mr.drc:500
    Edge pairs: 0 (flat)  0 (hierarchical)
    Elapsed: 0.020s  Memory: 1227.00M
"polygons" in: sky130A_mr.drc:501
    Polygons (raw): 0 (flat)  0 (hierarchical)
    Elapsed: 0.010s  Memory: 1227.00M
"interacting" in: sky130A_mr.drc:501
    Polygons (raw): 0 (flat)  0 (hierarchical)
    Elapsed: 0.060s  Memory: 1227.00M
"output" in: sky130A_mr.drc:502
    Polygons (raw): 0 (flat)  0 (hierarchical)
    Elapsed: 0.020s  Memory: 1227.00M
END: 68/44 (via)
START: 69/20 (m2)
"width" in: sky130A_mr.drc:509
    Edge pairs: 0 (flat)  0 (hierarchical)
    Elapsed: 0.030s  Memory: 1227.00M
"output" in: sky130A_mr.drc:509
    Edge pairs: 0 (flat)  0 (hierarchical)
    Elapsed: 0.010s  Memory: 1227.00M
"sized" in: sky130A_mr.drc:511
    Polygons (raw): 63 (flat)  63 (hierarchical)
    Elapsed: 0.030s  Memory: 1227.00M
"sized" in: sky130A_mr.drc:511
    Polygons (raw): 63 (flat)  63 (hierarchical)
    Elapsed: 0.010s  Memory: 1227.00M
"snap" in: sky130A_mr.drc:511
    Polygons (raw): 63 (flat)  63 (hierarchical)
    Elapsed: 0.020s  Memory: 1227.00M
"&" in: sky130A_mr.drc:511
    Polygons (raw): 64 (flat)  64 (hierarchical)
    Elapsed: 0.020s  Memory: 1227.00M
"edges" in: sky130A_mr.drc:512
    Edges: 3982 (flat)  3982 (hierarchical)
    Elapsed: 0.040s  Memory: 1227.00M
"-" in: sky130A_mr.drc:512
    Edges: 3643 (flat)  3643 (hierarchical)
    Elapsed: 0.030s  Memory: 1227.00M
"edges" in: sky130A_mr.drc:513
    Edges: 312 (flat)  312 (hierarchical)
    Elapsed: 0.020s  Memory: 1227.00M
"merged" in: sky130A_mr.drc:513
    Polygons (raw): 701 (flat)  701 (hierarchical)
    Elapsed: 0.020s  Memory: 1227.00M
"outside_part" in: sky130A_mr.drc:513
    Edges: 314 (flat)  314 (hierarchical)
    Elapsed: 0.030s  Memory: 1227.00M
"not" in: sky130A_mr.drc:514
    Polygons (raw): 160588 (flat)  160588 (hierarchical)
    Elapsed: 0.010s  Memory: 1227.00M
"space" in: sky130A_mr.drc:516
    Edge pairs: 0 (flat)  0 (hierarchical)
    Elapsed: 0.070s  Memory: 1227.00M
"output" in: sky130A_mr.drc:516
    Edge pairs: 0 (flat)  0 (hierarchical)
    Elapsed: 0.010s  Memory: 1227.00M
"separation" in: sky130A_mr.drc:518
    Edge pairs: 0 (flat)  0 (hierarchical)
    Elapsed: 0.020s  Memory: 1227.00M
"space" in: sky130A_mr.drc:518
    Edge pairs: 0 (flat)  0 (hierarchical)
    Elapsed: 0.020s  Memory: 1227.00M
"+" in: sky130A_mr.drc:518
    Edge pairs: 0 (flat)  0 (hierarchical)
    Elapsed: 0.020s  Memory: 1227.00M
"output" in: sky130A_mr.drc:518
    Edge pairs: 0 (flat)  0 (hierarchical)
    Elapsed: 0.010s  Memory: 1227.00M
"with_area" in: sky130A_mr.drc:520
    Polygons (raw): 0 (flat)  0 (hierarchical)
    Elapsed: 0.010s  Memory: 1227.00M
"output" in: sky130A_mr.drc:520
    Polygons (raw): 0 (flat)  0 (hierarchical)
    Elapsed: 0.020s  Memory: 1227.00M
"holes" in: sky130A_mr.drc:521
    Polygons (raw): 0 (flat)  0 (hierarchical)
    Elapsed: 0.010s  Memory: 1227.00M
"with_area" in: sky130A_mr.drc:521
    Polygons (raw): 0 (flat)  0 (hierarchical)
    Elapsed: 0.020s  Memory: 1227.00M
"output" in: sky130A_mr.drc:521
    Polygons (raw): 0 (flat)  0 (hierarchical)
    Elapsed: 0.010s  Memory: 1227.00M
"enclosing" in: sky130A_mr.drc:526
    Edge pairs: 0 (flat)  0 (hierarchical)
    Elapsed: 2.830s  Memory: 1227.00M
"output" in: sky130A_mr.drc:526
    Edge pairs: 0 (flat)  0 (hierarchical)
    Elapsed: 0.010s  Memory: 1227.00M
"not" in: sky130A_mr.drc:527
    Polygons (raw): 0 (flat)  0 (hierarchical)
    Elapsed: 1.140s  Memory: 1235.00M
"output" in: sky130A_mr.drc:527
    Polygons (raw): 0 (flat)  0 (hierarchical)
    Elapsed: 0.010s  Memory: 1227.00M
"enclosing" in: sky130A_mr.drc:528
    Edge pairs: 44 (flat)  44 (hierarchical)
    Elapsed: 2.790s  Memory: 1227.00M
"second_edges" in: sky130A_mr.drc:528
    Edges: 44 (flat)  44 (hierarchical)
    Elapsed: 0.020s  Memory: 1227.00M
"width" in: sky130A_mr.drc:529
    Edge pairs: 0 (flat)  0 (hierarchical)
    Elapsed: 0.010s  Memory: 1227.00M
"polygons" in: sky130A_mr.drc:530
    Polygons (raw): 0 (flat)  0 (hierarchical)
    Elapsed: 0.020s  Memory: 1227.00M
"interacting" in: sky130A_mr.drc:530
    Polygons (raw): 0 (flat)  0 (hierarchical)
    Elapsed: 0.060s  Memory: 1235.00M
"output" in: sky130A_mr.drc:531
    Polygons (raw): 0 (flat)  0 (hierarchical)
    Elapsed: 0.020s  Memory: 1227.00M
END: 69/20 (m2)
START: 69/44 (via2)
"not" in: sky130A_mr.drc:546
    Polygons (raw): 93877 (flat)  93877 (hierarchical)
    Elapsed: 0.010s  Memory: 1227.00M
"non_rectangles" in: sky130A_mr.drc:547
    Polygons (raw): 0 (flat)  0 (hierarchical)
    Elapsed: 2.200s  Memory: 1257.00M
"output" in: sky130A_mr.drc:547
    Polygons (raw): 0 (flat)  0 (hierarchical)
    Elapsed: 0.020s  Memory: 1257.00M
"width" in: sky130A_mr.drc:548
    Edge pairs: 0 (flat)  0 (hierarchical)
    Elapsed: 0.270s  Memory: 1257.00M
"output" in: sky130A_mr.drc:548
    Edge pairs: 0 (flat)  0 (hierarchical)
    Elapsed: 0.010s  Memory: 1257.00M
"edges" in: sky130A_mr.drc:549
    Edges: 375508 (flat)  375508 (hierarchical)
    Elapsed: 1.420s  Memory: 1257.00M
"without_length" in: sky130A_mr.drc:549
    Edges: 0 (flat)  0 (hierarchical)
    Elapsed: 3.310s  Memory: 1326.00M
"output" in: sky130A_mr.drc:549
    Edges: 0 (flat)  0 (hierarchical)
    Elapsed: 0.010s  Memory: 1326.00M
"space" in: sky130A_mr.drc:550
    Edge pairs: 0 (flat)  0 (hierarchical)
    Elapsed: 3.110s  Memory: 1326.00M
"output" in: sky130A_mr.drc:550
    Edge pairs: 0 (flat)  0 (hierarchical)
    Elapsed: 0.010s  Memory: 1326.00M
"enclosing" in: sky130A_mr.drc:558
    Edge pairs: 0 (flat)  0 (hierarchical)
    Elapsed: 1.650s  Memory: 1326.00M
"output" in: sky130A_mr.drc:558
    Edge pairs: 0 (flat)  0 (hierarchical)
    Elapsed: 0.010s  Memory: 1326.00M
"not" in: sky130A_mr.drc:559
    Polygons (raw): 0 (flat)  0 (hierarchical)
    Elapsed: 0.690s  Memory: 1326.00M
"output" in: sky130A_mr.drc:559
    Polygons (raw): 0 (flat)  0 (hierarchical)
    Elapsed: 0.010s  Memory: 1326.00M
"enclosing" in: sky130A_mr.drc:561
    Edge pairs: 0 (flat)  0 (hierarchical)
    Elapsed: 1.860s  Memory: 1350.00M
"second_edges" in: sky130A_mr.drc:561
    Edges: 0 (flat)  0 (hierarchical)
    Elapsed: 0.020s  Memory: 1326.00M
"width" in: sky130A_mr.drc:562
    Edge pairs: 0 (flat)  0 (hierarchical)
    Elapsed: 0.020s  Memory: 1326.00M
"polygons" in: sky130A_mr.drc:563
    Polygons (raw): 0 (flat)  0 (hierarchical)
    Elapsed: 0.010s  Memory: 1326.00M
"interacting" in: sky130A_mr.drc:563
    Polygons (raw): 0 (flat)  0 (hierarchical)
    Elapsed: 0.050s  Memory: 1326.00M
"output" in: sky130A_mr.drc:564
    Polygons (raw): 0 (flat)  0 (hierarchical)
    Elapsed: 0.010s  Memory: 1326.00M
END: 69/44 (via2)
START: 70/20 (m3)
"width" in: sky130A_mr.drc:570
    Edge pairs: 0 (flat)  0 (hierarchical)
    Elapsed: 0.030s  Memory: 1326.00M
"output" in: sky130A_mr.drc:570
    Edge pairs: 0 (flat)  0 (hierarchical)
    Elapsed: 0.010s  Memory: 1326.00M
"sized" in: sky130A_mr.drc:572
    Polygons (raw): 64 (flat)  64 (hierarchical)
    Elapsed: 0.020s  Memory: 1326.00M
"sized" in: sky130A_mr.drc:572
    Polygons (raw): 64 (flat)  64 (hierarchical)
    Elapsed: 0.010s  Memory: 1326.00M
"snap" in: sky130A_mr.drc:572
    Polygons (raw): 64 (flat)  64 (hierarchical)
    Elapsed: 0.010s  Memory: 1326.00M
"&" in: sky130A_mr.drc:572
    Polygons (raw): 105 (flat)  105 (hierarchical)
    Elapsed: 0.020s  Memory: 1326.00M
"edges" in: sky130A_mr.drc:573
    Edges: 1701 (flat)  1701 (hierarchical)
    Elapsed: 0.030s  Memory: 1326.00M
"-" in: sky130A_mr.drc:573
    Edges: 961 (flat)  961 (hierarchical)
    Elapsed: 0.040s  Memory: 1326.00M
"edges" in: sky130A_mr.drc:574
    Edges: 644 (flat)  644 (hierarchical)
    Elapsed: 0.020s  Memory: 1326.00M
"merged" in: sky130A_mr.drc:574
    Polygons (raw): 246 (flat)  246 (hierarchical)
    Elapsed: 0.010s  Memory: 1326.00M
"outside_part" in: sky130A_mr.drc:574
    Edges: 654 (flat)  654 (hierarchical)
    Elapsed: 0.020s  Memory: 1326.00M
"space" in: sky130A_mr.drc:576
    Edge pairs: 0 (flat)  0 (hierarchical)
    Elapsed: 0.030s  Memory: 1326.00M
"output" in: sky130A_mr.drc:576
    Edge pairs: 0 (flat)  0 (hierarchical)
    Elapsed: 0.010s  Memory: 1326.00M
"separation" in: sky130A_mr.drc:578
    Edge pairs: 0 (flat)  0 (hierarchical)
    Elapsed: 0.030s  Memory: 1326.00M
"space" in: sky130A_mr.drc:578
    Edge pairs: 0 (flat)  0 (hierarchical)
    Elapsed: 0.010s  Memory: 1326.00M
"+" in: sky130A_mr.drc:578
    Edge pairs: 0 (flat)  0 (hierarchical)
    Elapsed: 0.020s  Memory: 1326.00M
"output" in: sky130A_mr.drc:578
    Edge pairs: 0 (flat)  0 (hierarchical)
    Elapsed: 0.010s  Memory: 1326.00M
"enclosing" in: sky130A_mr.drc:583
    Edge pairs: 0 (flat)  0 (hierarchical)
    Elapsed: 2.310s  Memory: 1326.00M
"output" in: sky130A_mr.drc:583
    Edge pairs: 0 (flat)  0 (hierarchical)
    Elapsed: 0.010s  Memory: 1326.00M
"not" in: sky130A_mr.drc:584
    Polygons (raw): 0 (flat)  0 (hierarchical)
    Elapsed: 0.650s  Memory: 1326.00M
"output" in: sky130A_mr.drc:584
    Polygons (raw): 0 (flat)  0 (hierarchical)
    Elapsed: 0.010s  Memory: 1326.00M
END: 70/20 (m3)
START: 70/44 (via3)
"not" in: sky130A_mr.drc:598
    Polygons (raw): 331658 (flat)  331658 (hierarchical)
    Elapsed: 0.020s  Memory: 1326.00M
"non_rectangles" in: sky130A_mr.drc:599
    Polygons (raw): 0 (flat)  0 (hierarchical)
    Elapsed: 9.130s  Memory: 1348.00M
"output" in: sky130A_mr.drc:599
    Polygons (raw): 0 (flat)  0 (hierarchical)
    Elapsed: 0.010s  Memory: 1348.00M
"width" in: sky130A_mr.drc:600
    Edge pairs: 0 (flat)  0 (hierarchical)
    Elapsed: 0.990s  Memory: 1348.00M
"output" in: sky130A_mr.drc:600
    Edge pairs: 0 (flat)  0 (hierarchical)
    Elapsed: 0.020s  Memory: 1348.00M
"edges" in: sky130A_mr.drc:601
    Edges: 1326632 (flat)  1326632 (hierarchical)
    Elapsed: 5.800s  Memory: 1412.00M
"without_length" in: sky130A_mr.drc:601
    Edges: 0 (flat)  0 (hierarchical)
    Elapsed: 14.760s  Memory: 1756.00M
"output" in: sky130A_mr.drc:601
    Edges: 0 (flat)  0 (hierarchical)
    Elapsed: 0.020s  Memory: 1756.00M
"space" in: sky130A_mr.drc:603
    Edge pairs: 0 (flat)  0 (hierarchical)
    Elapsed: 11.650s  Memory: 1756.00M
"output" in: sky130A_mr.drc:603
    Edge pairs: 0 (flat)  0 (hierarchical)
    Elapsed: 0.010s  Memory: 1756.00M
"enclosing" in: sky130A_mr.drc:604
    Edge pairs: 0 (flat)  0 (hierarchical)
    Elapsed: 7.590s  Memory: 1756.00M
"output" in: sky130A_mr.drc:604
    Edge pairs: 0 (flat)  0 (hierarchical)
    Elapsed: 0.010s  Memory: 1756.00M
"not" in: sky130A_mr.drc:605
    Polygons (raw): 0 (flat)  0 (hierarchical)
    Elapsed: 2.380s  Memory: 1756.00M
"output" in: sky130A_mr.drc:605
    Polygons (raw): 0 (flat)  0 (hierarchical)
    Elapsed: 0.020s  Memory: 1756.00M
"enclosing" in: sky130A_mr.drc:607
    Edge pairs: 0 (flat)  0 (hierarchical)
    Elapsed: 8.060s  Memory: 1756.00M
"second_edges" in: sky130A_mr.drc:607
    Edges: 0 (flat)  0 (hierarchical)
    Elapsed: 0.010s  Memory: 1756.00M
"width" in: sky130A_mr.drc:608
    Edge pairs: 0 (flat)  0 (hierarchical)
    Elapsed: 0.020s  Memory: 1764.00M
"polygons" in: sky130A_mr.drc:609
    Polygons (raw): 0 (flat)  0 (hierarchical)
    Elapsed: 0.020s  Memory: 1756.00M
"interacting" in: sky130A_mr.drc:609
    Polygons (raw): 0 (flat)  0 (hierarchical)
    Elapsed: 0.130s  Memory: 1756.00M
"output" in: sky130A_mr.drc:610
    Polygons (raw): 0 (flat)  0 (hierarchical)
    Elapsed: 0.020s  Memory: 1756.00M
END: 70/44 (via3)
START: 71/20 (m4)
"width" in: sky130A_mr.drc:616
    Edge pairs: 0 (flat)  0 (hierarchical)
    Elapsed: 0.020s  Memory: 1756.00M
"output" in: sky130A_mr.drc:616
    Edge pairs: 0 (flat)  0 (hierarchical)
    Elapsed: 0.010s  Memory: 1756.00M
"sized" in: sky130A_mr.drc:618
    Polygons (raw): 25 (flat)  25 (hierarchical)
    Elapsed: 0.020s  Memory: 1756.00M
"sized" in: sky130A_mr.drc:618
    Polygons (raw): 25 (flat)  25 (hierarchical)
    Elapsed: 0.010s  Memory: 1756.00M
"snap" in: sky130A_mr.drc:618
    Polygons (raw): 25 (flat)  25 (hierarchical)
    Elapsed: 0.010s  Memory: 1756.00M
"&" in: sky130A_mr.drc:618
    Polygons (raw): 33 (flat)  33 (hierarchical)
    Elapsed: 0.030s  Memory: 1756.00M
"edges" in: sky130A_mr.drc:619
    Edges: 284 (flat)  284 (hierarchical)
    Elapsed: 0.020s  Memory: 1756.00M
"-" in: sky130A_mr.drc:619
    Edges: 98 (flat)  98 (hierarchical)
    Elapsed: 0.030s  Memory: 1756.00M
"edges" in: sky130A_mr.drc:620
    Edges: 151 (flat)  151 (hierarchical)
    Elapsed: 0.020s  Memory: 1756.00M
"merged" in: sky130A_mr.drc:620
    Polygons (raw): 33 (flat)  33 (hierarchical)
    Elapsed: 0.020s  Memory: 1756.00M
"outside_part" in: sky130A_mr.drc:620
    Edges: 164 (flat)  164 (hierarchical)
    Elapsed: 0.020s  Memory: 1756.00M
"space" in: sky130A_mr.drc:622
    Edge pairs: 0 (flat)  0 (hierarchical)
    Elapsed: 0.030s  Memory: 1756.00M
"output" in: sky130A_mr.drc:622
    Edge pairs: 0 (flat)  0 (hierarchical)
    Elapsed: 0.010s  Memory: 1756.00M
"with_area" in: sky130A_mr.drc:624
    Polygons (raw): 0 (flat)  0 (hierarchical)
    Elapsed: 0.020s  Memory: 1756.00M
"output" in: sky130A_mr.drc:624
    Polygons (raw): 0 (flat)  0 (hierarchical)
    Elapsed: 0.020s  Memory: 1756.00M
"separation" in: sky130A_mr.drc:626
    Edge pairs: 0 (flat)  0 (hierarchical)
    Elapsed: 0.030s  Memory: 1764.00M
"space" in: sky130A_mr.drc:626
    Edge pairs: 0 (flat)  0 (hierarchical)
    Elapsed: 0.020s  Memory: 1756.00M
"+" in: sky130A_mr.drc:626
    Edge pairs: 0 (flat)  0 (hierarchical)
    Elapsed: 0.010s  Memory: 1756.00M
"output" in: sky130A_mr.drc:626
    Edge pairs: 0 (flat)  0 (hierarchical)
    Elapsed: 0.030s  Memory: 1756.00M
"enclosing" in: sky130A_mr.drc:631
    Edge pairs: 0 (flat)  0 (hierarchical)
    Elapsed: 6.300s  Memory: 1756.00M
"output" in: sky130A_mr.drc:631
    Edge pairs: 0 (flat)  0 (hierarchical)
    Elapsed: 0.010s  Memory: 1756.00M
"not" in: sky130A_mr.drc:632
    Polygons (raw): 0 (flat)  0 (hierarchical)
    Elapsed: 2.420s  Memory: 1756.00M
"output" in: sky130A_mr.drc:632
    Polygons (raw): 0 (flat)  0 (hierarchical)
    Elapsed: 0.020s  Memory: 1756.00M
END: 71/20 (m4)
START: 71/44 (via4)
"not" in: sky130A_mr.drc:645
    Polygons (raw): 1377 (flat)  1377 (hierarchical)
    Elapsed: 0.020s  Memory: 1756.00M
"non_rectangles" in: sky130A_mr.drc:646
    Polygons (raw): 0 (flat)  0 (hierarchical)
    Elapsed: 0.050s  Memory: 1756.00M
"output" in: sky130A_mr.drc:646
    Polygons (raw): 0 (flat)  0 (hierarchical)
    Elapsed: 0.010s  Memory: 1756.00M
"width" in: sky130A_mr.drc:647
    Edge pairs: 0 (flat)  0 (hierarchical)
    Elapsed: 0.050s  Memory: 1756.00M
"output" in: sky130A_mr.drc:647
    Edge pairs: 0 (flat)  0 (hierarchical)
    Elapsed: 0.010s  Memory: 1756.00M
"drc" in: sky130A_mr.drc:648
    Edges: 0 (flat)  0 (hierarchical)
    Elapsed: 0.030s  Memory: 1772.00M
"output" in: sky130A_mr.drc:648
    Edges: 0 (flat)  0 (hierarchical)
    Elapsed: 0.010s  Memory: 1756.00M
"space" in: sky130A_mr.drc:650
    Edge pairs: 0 (flat)  0 (hierarchical)
    Elapsed: 0.030s  Memory: 1756.00M
"polygons" in: sky130A_mr.drc:650
    Polygons (raw): 0 (flat)  0 (hierarchical)
    Elapsed: 0.010s  Memory: 1756.00M
"output" in: sky130A_mr.drc:650
    Polygons (raw): 0 (flat)  0 (hierarchical)
    Elapsed: 0.010s  Memory: 1756.00M
"enclosing" in: sky130A_mr.drc:658
    Edge pairs: 0 (flat)  0 (hierarchical)
    Elapsed: 0.050s  Memory: 1756.00M
"output" in: sky130A_mr.drc:658
    Edge pairs: 0 (flat)  0 (hierarchical)
    Elapsed: 0.020s  Memory: 1756.00M
"not" in: sky130A_mr.drc:659
    Polygons (raw): 0 (flat)  0 (hierarchical)
    Elapsed: 0.030s  Memory: 1756.00M
"output" in: sky130A_mr.drc:659
    Polygons (raw): 0 (flat)  0 (hierarchical)
    Elapsed: 0.010s  Memory: 1756.00M
END: 71/44 (via4)
START: 72/20 (m5)
"width" in: sky130A_mr.drc:664
    Edge pairs: 0 (flat)  0 (hierarchical)
    Elapsed: 0.020s  Memory: 1756.00M
"output" in: sky130A_mr.drc:664
    Edge pairs: 0 (flat)  0 (hierarchical)
    Elapsed: 0.010s  Memory: 1756.00M
"space" in: sky130A_mr.drc:666
    Edge pairs: 0 (flat)  0 (hierarchical)
    Elapsed: 0.020s  Memory: 1756.00M
"output" in: sky130A_mr.drc:666
    Edge pairs: 0 (flat)  0 (hierarchical)
    Elapsed: 0.020s  Memory: 1756.00M
"enclosing" in: sky130A_mr.drc:668
    Edge pairs: 0 (flat)  0 (hierarchical)
    Elapsed: 0.040s  Memory: 1756.00M
"output" in: sky130A_mr.drc:668
    Edge pairs: 0 (flat)  0 (hierarchical)
    Elapsed: 0.010s  Memory: 1756.00M
"not" in: sky130A_mr.drc:669
    Polygons (raw): 0 (flat)  0 (hierarchical)
    Elapsed: 0.030s  Memory: 1756.00M
"output" in: sky130A_mr.drc:669
    Polygons (raw): 0 (flat)  0 (hierarchical)
    Elapsed: 0.010s  Memory: 1756.00M
"with_area" in: sky130A_mr.drc:673
    Polygons (raw): 0 (flat)  0 (hierarchical)
    Elapsed: 0.010s  Memory: 1756.00M
"output" in: sky130A_mr.drc:673
    Polygons (raw): 0 (flat)  0 (hierarchical)
    Elapsed: 0.020s  Memory: 1756.00M
END: 72/20 (m5)
START: 76/20 (pad)
"space" in: sky130A_mr.drc:678
    Edge pairs: 0 (flat)  0 (hierarchical)
    Elapsed: 0.010s  Memory: 1756.00M
"output" in: sky130A_mr.drc:678
    Edge pairs: 0 (flat)  0 (hierarchical)
    Elapsed: 0.010s  Memory: 1756.00M
END: 76/20 (pad)
Writing report database: /home/shahid/Desktop/sky130B_TEST/Magic_Top_Level/digital_check_test_klayout/caravel_user_project_analog_4_lna_bgr/precheck_results/09_NOV_2022___07_01_30/outputs/reports/klayout_beol_check.xml ..
Total elapsed: 187.920s  Memory: 1716.00M
 
Cell exclusion list:
   rule    | cell
   nwell.6 | sky130_fd_io__gpiov2_amux, sky130_fd_io__simple_pad_and_busses, sram
   nsd.1   | sram
   nsd.2   | sram
   psd.1   | sram
   psd.2   | sram
 
release 2022.6.30_01.07
