2022-11-09 07:01:30 - [INFO] - {{EXTRACTING FILES}} Extracting compressed files in: /home/shahid/Desktop/sky130B_TEST/Magic_Top_Level/digital_check_test_klayout/caravel_user_project_analog_4_lna_bgr
2022-11-09 07:01:31 - [INFO] - {{Project Type Info}} analog
2022-11-09 07:01:31 - [INFO] - {{Project GDS Info}} user_analog_project_wrapper: a31438607c2d3fd6376c41f5f3c8b192420b2f4f
2022-11-09 07:01:37 - [INFO] - {{Tools Info}} KLayout: v0.27.10 | Magic: v8.3.315
2022-11-09 07:01:37 - [INFO] - {{PDKs Info}} PDK: sky130B | Open PDKs: 27ecf1c16911f7dd4428ffab96f62c1fb876ea70 | Skywater PDK: c094b6e83a4f9298e47f696ec5a7fd53535ec5eb
2022-11-09 07:01:37 - [INFO] - {{START}} Precheck Started, the full log 'precheck.log' will be located in '/home/shahid/Desktop/sky130B_TEST/Magic_Top_Level/digital_check_test_klayout/caravel_user_project_analog_4_lna_bgr/precheck_results/09_NOV_2022___07_01_30/logs'
2022-11-09 07:01:37 - [INFO] - {{PRECHECK SEQUENCE}} Precheck will run the following checks: [License, Makefile, Default, Documentation, Consistency, XOR, Magic DRC, Klayout FEOL, Klayout BEOL, Klayout Offgrid, Klayout Metal Minimum Clear Area Density, Klayout Pin Label Purposes Overlapping Drawing, Klayout ZeroArea]
2022-11-09 07:01:37 - [INFO] - {{STEP UPDATE}} Executing Check 1 of 13: License
2022-11-09 07:01:43 - [INFO] - An approved LICENSE (Apache-2.0) was found in /home/shahid/Desktop/sky130B_TEST/Magic_Top_Level/digital_check_test_klayout/caravel_user_project_analog_4_lna_bgr.
2022-11-09 07:01:43 - [INFO] - {{MAIN LICENSE CHECK PASSED}} An approved LICENSE was found in project root.
2022-11-09 07:01:48 - [INFO] - An approved LICENSE (Apache-2.0) was found in /home/shahid/Desktop/sky130B_TEST/Magic_Top_Level/digital_check_test_klayout/caravel_user_project_analog_4_lna_bgr.
2022-11-09 07:01:54 - [INFO] - An approved LICENSE (Apache-2.0) was found in /home/shahid/Desktop/sky130B_TEST/Magic_Top_Level/digital_check_test_klayout/caravel_user_project_analog_4_lna_bgr.
2022-11-09 07:02:00 - [INFO] - An approved LICENSE (Apache-2.0) was found in /home/shahid/Desktop/sky130B_TEST/Magic_Top_Level/digital_check_test_klayout/caravel_user_project_analog_4_lna_bgr.
2022-11-09 07:02:00 - [INFO] - {{SUBMODULES LICENSE CHECK PASSED}} No prohibited LICENSE file(s) was found in project submodules
2022-11-09 07:02:00 - [INFO] - {{SPDX COMPLIANCE CHECK PASSED}} Project is compliant with the SPDX Standard
2022-11-09 07:02:00 - [INFO] - {{STEP UPDATE}} Executing Check 2 of 13: Makefile
2022-11-09 07:02:00 - [INFO] - {{MAKEFILE CHECK PASSED}} Makefile valid.
2022-11-09 07:02:00 - [INFO] - {{STEP UPDATE}} Executing Check 3 of 13: Default
2022-11-09 07:02:00 - [INFO] - {{README DEFAULT CHECK PASSED}} Project 'README.md' was modified and is not identical to the default 'README.md'
2022-11-09 07:02:00 - [INFO] - {{CONTENT DEFAULT CHECK PASSED}} Project 'gds' was modified and is not identical to the default 'gds'
2022-11-09 07:02:00 - [INFO] - {{STEP UPDATE}} Executing Check 4 of 13: Documentation
2022-11-09 07:02:00 - [WARNING] - The documentation file (/home/shahid/Desktop/sky130B_TEST/Magic_Top_Level/digital_check_test_klayout/caravel_user_project_analog_4_lna_bgr/precheck/debug_precheck.md) contains the non-inclusive word: blacklist
2022-11-09 07:02:00 - [WARNING] - {{DOCUMENTATION CHECK FAILED}} Project documentation is not appropriate.
2022-11-09 07:02:00 - [INFO] - {{STEP UPDATE}} Executing Check 5 of 13: Consistency
2022-11-09 07:02:12 - [INFO] - HIERARCHY CHECK PASSED: Module user_analog_project_wrapper is instantiated in caravan. 
2022-11-09 07:02:12 - [INFO] - COMPLEXITY CHECK PASSED: Netlist caravan contains at least 8 instances (68 instances). 
2022-11-09 07:02:12 - [INFO] - MODELING CHECK PASSED: Netlist caravan is structural.
2022-11-09 07:02:12 - [INFO] - SUBMODULE HOOKS CHECK PASSED: All module ports for user_analog_project_wrapper are correctly connected in the top level netlist caravan.
2022-11-09 07:02:12 - [INFO] - {{NETLIST CONSISTENCY CHECK PASSED}} caravan netlist passed all consistency checks.
2022-11-09 07:02:12 - [INFO] - PORTS CHECK PASSED: Netlist user_analog_project_wrapper ports match the golden wrapper ports
2022-11-09 07:02:12 - [INFO] - COMPLEXITY CHECK PASSED: Netlist user_analog_project_wrapper contains at least 1 instances (11 instances). 
2022-11-09 07:02:12 - [INFO] - MODELING CHECK PASSED: Netlist user_analog_project_wrapper is structural.
2022-11-09 07:02:12 - [WARNING] - LAYOUT CHECK FAILED: The GDS layout for user_analog_project_wrapper doesn't match the provided structural netlist. Mismatching modules are: ['BGR_TOP_flatten$1']
2022-11-09 07:02:12 - [WARNING] - {{NETLIST CONSISTENCY CHECK FAILED}} user_analog_project_wrapper netlist failed 1 consistency check(s): ['LAYOUT'].
2022-11-09 07:02:12 - [WARNING] - {{CONSISTENCY CHECK FAILED}} The user netlist and the top netlist are not valid.
2022-11-09 07:02:12 - [INFO] - {{STEP UPDATE}} Executing Check 6 of 13: XOR
2022-11-09 07:02:33 - [INFO] - {{XOR CHECK UPDATE}} Total XOR differences: 0, for more details view /home/shahid/Desktop/sky130B_TEST/Magic_Top_Level/digital_check_test_klayout/caravel_user_project_analog_4_lna_bgr/precheck_results/09_NOV_2022___07_01_30/outputs/user_analog_project_wrapper.xor.gds
2022-11-09 07:02:33 - [INFO] - {{XOR CHECK PASSED}} The GDS file has no XOR violations.
2022-11-09 07:02:33 - [INFO] - {{STEP UPDATE}} Executing Check 7 of 13: Magic DRC
2022-11-09 07:02:35 - [INFO] - 0 DRC violations
2022-11-09 07:02:35 - [INFO] - {{MAGIC DRC CHECK PASSED}} The GDS file, user_analog_project_wrapper.gds, has no DRC violations.
2022-11-09 07:02:35 - [INFO] - {{STEP UPDATE}} Executing Check 8 of 13: Klayout FEOL
2022-11-09 07:02:55 - [INFO] - No DRC Violations found
2022-11-09 07:02:55 - [INFO] - {{Klayout FEOL CHECK PASSED}} The GDS file, user_analog_project_wrapper.gds, has no DRC violations.
2022-11-09 07:02:55 - [INFO] - {{STEP UPDATE}} Executing Check 9 of 13: Klayout BEOL
2022-11-09 07:06:00 - [INFO] - No DRC Violations found
2022-11-09 07:06:00 - [INFO] - {{Klayout BEOL CHECK PASSED}} The GDS file, user_analog_project_wrapper.gds, has no DRC violations.
2022-11-09 07:06:00 - [INFO] - {{STEP UPDATE}} Executing Check 10 of 13: Klayout Offgrid
2022-11-09 07:06:31 - [INFO] - No DRC Violations found
2022-11-09 07:06:31 - [INFO] - {{Klayout Offgrid CHECK PASSED}} The GDS file, user_analog_project_wrapper.gds, has no DRC violations.
2022-11-09 07:06:31 - [INFO] - {{STEP UPDATE}} Executing Check 11 of 13: Klayout Metal Minimum Clear Area Density
2022-11-09 07:06:38 - [INFO] - No DRC Violations found
2022-11-09 07:06:38 - [INFO] - {{Klayout Metal Minimum Clear Area Density CHECK PASSED}} The GDS file, user_analog_project_wrapper.gds, has no DRC violations.
2022-11-09 07:06:38 - [INFO] - {{STEP UPDATE}} Executing Check 12 of 13: Klayout Pin Label Purposes Overlapping Drawing
2022-11-09 07:06:45 - [INFO] - No DRC Violations found
2022-11-09 07:06:45 - [INFO] - {{Klayout Pin Label Purposes Overlapping Drawing CHECK PASSED}} The GDS file, user_analog_project_wrapper.gds, has no DRC violations.
2022-11-09 07:06:45 - [INFO] - {{STEP UPDATE}} Executing Check 13 of 13: Klayout ZeroArea
2022-11-09 07:06:58 - [INFO] - No DRC Violations found
2022-11-09 07:06:58 - [INFO] - {{Klayout ZeroArea CHECK PASSED}} The GDS file, user_analog_project_wrapper.gds, has no DRC violations.
2022-11-09 07:06:58 - [INFO] - {{FINISH}} Executing Finished, the full log 'precheck.log' can be found in '/home/shahid/Desktop/sky130B_TEST/Magic_Top_Level/digital_check_test_klayout/caravel_user_project_analog_4_lna_bgr/precheck_results/09_NOV_2022___07_01_30/logs'
2022-11-09 07:06:58 - [CRITICAL] - {{FAILURE}} 2 Check(s) Failed: ['Documentation', 'Consistency'] !!!
